<?xml version="1.0" encoding="UTF-8"?>
<!-- Generated by org.testng.reporters.JUnitReportReporter -->
<testsuite hostname="DESKTOP-LTCA2QI" failures="0" tests="1" name="tests.FourTest" time="0.015" errors="0" timestamp="2023-05-08T13:42:14 IST" skipped="0">
  <testcase classname="tests.FourTest" name="testFour" time="0.015"/>
  <system-out/>
</testsuite> <!-- tests.FourTest -->
