<?xml version="1.0" encoding="UTF-8"?>
<!-- Generated by org.testng.reporters.JUnitReportReporter -->
<testsuite hostname="DESKTOP-LTCA2QI" failures="0" tests="1" name="tests.ThreeTest" time="11.612" errors="0" timestamp="2023-05-08T13:42:14 IST" skipped="0">
  <testcase classname="tests.ThreeTest" name="testThree" time="11.612"/>
  <system-out/>
</testsuite> <!-- tests.ThreeTest -->
