<?xml version="1.0" encoding="UTF-8"?>
<!-- Generated by org.testng.reporters.JUnitReportReporter -->
<testsuite hostname="DESKTOP-LTCA2QI" failures="0" tests="2" name="tests.LoginTest" time="30.441" errors="0" timestamp="2023-05-08T13:42:14 IST" skipped="0">
  <testcase classname="tests.LoginTest" name="login" time="23.394"/>
  <system-out/>
  <testcase classname="tests.LoginTest" name="login" time="7.047"/>
  <system-out/>
</testsuite> <!-- tests.LoginTest -->
