<?xml version="1.0" encoding="UTF-8"?>
<!-- Generated by org.testng.reporters.JUnitReportReporter -->
<testsuite hostname="DESKTOP-LTCA2QI" failures="0" tests="2" name="tests.LoginTest" time="28.121" errors="0" timestamp="2023-05-04T12:27:31 IST" skipped="0">
  <testcase classname="tests.LoginTest" name="login" time="18.351"/>
  <system-out/>
  <testcase classname="tests.LoginTest" name="login" time="9.770"/>
  <system-out/>
</testsuite> <!-- tests.LoginTest -->
