<?xml version="1.0" encoding="UTF-8"?>
<!-- Generated by org.testng.reporters.JUnitReportReporter -->
<testsuite hostname="DESKTOP-LTCA2QI" failures="0" tests="1" name="tests.TwoTest" time="0.001" errors="0" timestamp="2023-05-04T12:27:31 IST" skipped="0">
  <testcase classname="tests.TwoTest" name="testTwo" time="0.001"/>
  <system-out/>
</testsuite> <!-- tests.TwoTest -->
